<?xml version="1.0" encoding="UTF-8"?>
<!-- Generated by org.testng.reporters.JUnitReportReporter -->
<testsuite skipped="0" hostname="G08CNXNBFS01881" name="AnimalTest" tests="2" failures="0" timestamp="13 1 2018 02:19:35 GMT" time="0.012" errors="0">
  <testcase name="eat" time="0.011" classname="AnimalTest"/>
  <testcase name="sleep" time="0.001" classname="AnimalTest"/>
</testsuite> <!-- AnimalTest -->
